Determining if the pthread_create exist failed with the following output:
Change Dir: /home/workspace/Project1/build/CMakeFiles/CMakeTmp

Run Build Command:"/usr/bin/make" "cmTC_437ea/fast"
/usr/bin/make -f CMakeFiles/cmTC_437ea.dir/build.make CMakeFiles/cmTC_437ea.dir/build
make[1]: Entering directory '/home/workspace/Project1/build/CMakeFiles/CMakeTmp'
Building C object CMakeFiles/cmTC_437ea.dir/CheckSymbolExists.c.o
/usr/bin/cc     -o CMakeFiles/cmTC_437ea.dir/CheckSymbolExists.c.o   -c /home/workspace/Project1/build/CMakeFiles/CMakeTmp/CheckSymbolExists.c
Linking C executable cmTC_437ea
/usr/bin/cmake -E cmake_link_script CMakeFiles/cmTC_437ea.dir/link.txt --verbose=1
/usr/bin/cc       CMakeFiles/cmTC_437ea.dir/CheckSymbolExists.c.o  -o cmTC_437ea -rdynamic 
CMakeFiles/cmTC_437ea.dir/CheckSymbolExists.c.o: In function `main':
CheckSymbolExists.c:(.text+0x16): undefined reference to `pthread_create'
collect2: error: ld returned 1 exit status
CMakeFiles/cmTC_437ea.dir/build.make:97: recipe for target 'cmTC_437ea' failed
make[1]: *** [cmTC_437ea] Error 1
make[1]: Leaving directory '/home/workspace/Project1/build/CMakeFiles/CMakeTmp'
Makefile:126: recipe for target 'cmTC_437ea/fast' failed
make: *** [cmTC_437ea/fast] Error 2

File /home/workspace/Project1/build/CMakeFiles/CMakeTmp/CheckSymbolExists.c:
/* */
#include <pthread.h>

int main(int argc, char** argv)
{
  (void)argv;
#ifndef pthread_create
  return ((int*)(&pthread_create))[argc];
#else
  (void)argc;
  return 0;
#endif
}

Determining if the function pthread_create exists in the pthreads failed with the following output:
Change Dir: /home/workspace/Project1/build/CMakeFiles/CMakeTmp

Run Build Command:"/usr/bin/make" "cmTC_00f4d/fast"
/usr/bin/make -f CMakeFiles/cmTC_00f4d.dir/build.make CMakeFiles/cmTC_00f4d.dir/build
make[1]: Entering directory '/home/workspace/Project1/build/CMakeFiles/CMakeTmp'
Building C object CMakeFiles/cmTC_00f4d.dir/CheckFunctionExists.c.o
/usr/bin/cc    -DCHECK_FUNCTION_EXISTS=pthread_create   -o CMakeFiles/cmTC_00f4d.dir/CheckFunctionExists.c.o   -c /usr/share/cmake-3.5/Modules/CheckFunctionExists.c
Linking C executable cmTC_00f4d
/usr/bin/cmake -E cmake_link_script CMakeFiles/cmTC_00f4d.dir/link.txt --verbose=1
/usr/bin/cc   -DCHECK_FUNCTION_EXISTS=pthread_create    CMakeFiles/cmTC_00f4d.dir/CheckFunctionExists.c.o  -o cmTC_00f4d -rdynamic -lpthreads 
/usr/bin/ld: cannot find -lpthreads
collect2: error: ld returned 1 exit status
CMakeFiles/cmTC_00f4d.dir/build.make:97: recipe for target 'cmTC_00f4d' failed
make[1]: *** [cmTC_00f4d] Error 1
make[1]: Leaving directory '/home/workspace/Project1/build/CMakeFiles/CMakeTmp'
Makefile:126: recipe for target 'cmTC_00f4d/fast' failed
make: *** [cmTC_00f4d/fast] Error 2


